<?xml version="1.0" encoding="UTF-8" standalone="no"?>
<testsuite errors="0" failures="0" name="io.cucumber.core.plugin.JUnitFormatter" skipped="0" tests="2" time="0.378">
    <testcase classname="Browser" name="Launch Browser" time="0.051">
        <system-out><![CDATA[Given Browser is launched...................................................passed
]]></system-out>
    </testcase>
    <testcase classname="Login" name="Login to Facebook" time="0.019">
        <system-out><![CDATA[Given Open chrome browser and launch facebook application...................passed
When Enter UN and PWD.......................................................passed
When Click on Login button..................................................passed
Then Home page should be displayed..........................................passed
]]></system-out>
    </testcase>
</testsuite>
